<?xml version="1.0" encoding="UTF-8"?>
<testsuite xmlns:xsi="http://www.w3.org/2001/XMLSchema-instance" xsi:noNamespaceSchemaLocation="https://maven.apache.org/surefire/maven-surefire-plugin/xsd/surefire-test-report.xsd" version="3.0.2" name="com.curelink.test.dattri.DattriApplicationTests" time="4.082" tests="1" errors="0" skipped="0" failures="0">
  <properties>
[...]
</properties>
  <testcase name="contextLoads" classname="com.curelink.test.dattri.DattriApplicationTests" time="0.365">
    <system-out><![CDATA[09:21:03.902 [main] INFO org.springframework.test.context.support.AnnotationConfigContextLoaderUtils -- Could not detect default configuration classes for test class [com.curelink.test.dattri.DattriApplicationTests]: DattriApplicationTests does not declare any static, non-private, non-final, nested classes annotated with @Configuration.
09:21:03.970 [main] INFO org.springframework.boot.test.context.SpringBootTestContextBootstrapper -- Found @SpringBootConfiguration com.curelink.test.dattri.DattriApplication for test class com.curelink.test.dattri.DattriApplicationTests

  .   ____          _            __ _ _
 /\\ / ___'_ __ _ _(_)_ __  __ _ \ \ \ \
( ( )\___ | '_ | '_| | '_ \/ _` | \ \ \ \
 \\/  ___)| |_)| | | | | || (_| |  ) ) ) )
  '  |____| .__|_| |_|_| |_\__, | / / / /
 =========|_|==============|___/=/_/_/_/

 :: Spring Boot ::                (v4.0.3)

2026-03-01T09:21:04.189+05:30  INFO 89684 --- [dattri] [           main] c.c.test.dattri.DattriApplicationTests   : Starting DattriApplicationTests using Java 21.0.8 with PID 89684 (started by devashishattri in /Users/devashishattri/Documents/health-chat-bot)
2026-03-01T09:21:04.190+05:30  INFO 89684 --- [dattri] [           main] c.c.test.dattri.DattriApplicationTests   : No active profile set, falling back to 1 default profile: "default"
2026-03-01T09:21:04.620+05:30  INFO 89684 --- [dattri] [           main] .s.d.r.c.RepositoryConfigurationDelegate : Multiple Spring Data modules found, entering strict repository configuration mode
2026-03-01T09:21:04.621+05:30  INFO 89684 --- [dattri] [           main] .s.d.r.c.RepositoryConfigurationDelegate : Bootstrapping Spring Data JPA repositories in DEFAULT mode.
2026-03-01T09:21:04.715+05:30  INFO 89684 --- [dattri] [           main] .s.d.r.c.RepositoryConfigurationDelegate : Finished Spring Data repository scanning in 90 ms. Found 4 JPA repository interfaces.
2026-03-01T09:21:04.747+05:30  INFO 89684 --- [dattri] [           main] .s.d.r.c.RepositoryConfigurationDelegate : Multiple Spring Data modules found, entering strict repository configuration mode
2026-03-01T09:21:04.748+05:30  INFO 89684 --- [dattri] [           main] .s.d.r.c.RepositoryConfigurationDelegate : Bootstrapping Spring Data Redis repositories in DEFAULT mode.
2026-03-01T09:21:04.759+05:30  INFO 89684 --- [dattri] [           main] .RepositoryConfigurationExtensionSupport : Spring Data Redis - Could not safely identify store assignment for repository candidate interface com.curelink.test.dattri.repository.ChatMessageRepository; If you want this repository to be a Redis repository, consider annotating your entities with one of these annotations: org.springframework.data.redis.core.RedisHash (preferred), or consider extending one of the following types with your repository: org.springframework.data.keyvalue.repository.KeyValueRepository
2026-03-01T09:21:04.760+05:30  INFO 89684 --- [dattri] [           main] .RepositoryConfigurationExtensionSupport : Spring Data Redis - Could not safely identify store assignment for repository candidate interface com.curelink.test.dattri.repository.ChatSessionRepository; If you want this repository to be a Redis repository, consider annotating your entities with one of these annotations: org.springframework.data.redis.core.RedisHash (preferred), or consider extending one of the following types with your repository: org.springframework.data.keyvalue.repository.KeyValueRepository
2026-03-01T09:21:04.760+05:30  INFO 89684 --- [dattri] [           main] .RepositoryConfigurationExtensionSupport : Spring Data Redis - Could not safely identify store assignment for repository candidate interface com.curelink.test.dattri.repository.ProtocolRepository; If you want this repository to be a Redis repository, consider annotating your entities with one of these annotations: org.springframework.data.redis.core.RedisHash (preferred), or consider extending one of the following types with your repository: org.springframework.data.keyvalue.repository.KeyValueRepository
2026-03-01T09:21:04.765+05:30  INFO 89684 --- [dattri] [           main] .RepositoryConfigurationExtensionSupport : Spring Data Redis - Could not safely identify store assignment for repository candidate interface com.curelink.test.dattri.repository.UserMemoryRepository; If you want this repository to be a Redis repository, consider annotating your entities with one of these annotations: org.springframework.data.redis.core.RedisHash (preferred), or consider extending one of the following types with your repository: org.springframework.data.keyvalue.repository.KeyValueRepository
2026-03-01T09:21:04.766+05:30  INFO 89684 --- [dattri] [           main] .s.d.r.c.RepositoryConfigurationDelegate : Finished Spring Data repository scanning in 11 ms. Found 0 Redis repository interfaces.
2026-03-01T09:21:04.968+05:30  INFO 89684 --- [dattri] [           main] c.c.test.dattri.config.DataSourceConfig  : Initialising DataSource pool='curelink-pool' url='jdbc:mysql://localhost:3306/curelink?useSSL=false&allowPublicKeyRetrieval=true&serverTimezone=UTC' maxPoolSize=10
2026-03-01T09:21:04.972+05:30  INFO 89684 --- [dattri] [           main] com.zaxxer.hikari.HikariDataSource       : curelink-pool - Starting...
2026-03-01T09:21:05.159+05:30  INFO 89684 --- [dattri] [           main] com.zaxxer.hikari.pool.HikariPool        : curelink-pool - Added connection com.mysql.cj.jdbc.ConnectionImpl@4beae1e3
2026-03-01T09:21:05.160+05:30  INFO 89684 --- [dattri] [           main] com.zaxxer.hikari.HikariDataSource       : curelink-pool - Start completed.
2026-03-01T09:21:05.214+05:30  INFO 89684 --- [dattri] [           main] org.hibernate.orm.jpa                    : HHH008540: Processing PersistenceUnitInfo [name: default]
2026-03-01T09:21:05.251+05:30  INFO 89684 --- [dattri] [           main] org.hibernate.orm.core                   : HHH000001: Hibernate ORM core version 7.2.4.Final
2026-03-01T09:21:05.495+05:30  INFO 89684 --- [dattri] [           main] o.s.o.j.p.SpringPersistenceUnitInfo      : No LoadTimeWeaver setup: ignoring JPA class transformer
2026-03-01T09:21:05.559+05:30  WARN 89684 --- [dattri] [           main] org.hibernate.orm.deprecation            : HHH90000025: MySQLDialect does not need to be specified explicitly using 'hibernate.dialect' (remove the property setting and it will be selected by default)
2026-03-01T09:21:05.568+05:30  INFO 89684 --- [dattri] [           main] org.hibernate.orm.connections.pooling    : HHH10001005: Database info:
	Database JDBC URL [jdbc:mysql://localhost:3306/curelink?useSSL=false&allowPublicKeyRetrieval=true&serverTimezone=UTC]
	Database driver: MySQL Connector/J
	Database dialect: MySQLDialect
	Database version: 9.4
	Default catalog/schema: curelink/undefined
	Autocommit mode: undefined/unknown
	Isolation level: REPEATABLE_READ [default REPEATABLE_READ]
	JDBC fetch size: none
	Pool: DataSourceConnectionProvider
	Minimum pool size: undefined/unknown
	Maximum pool size: undefined/unknown
2026-03-01T09:21:06.060+05:30  INFO 89684 --- [dattri] [           main] org.hibernate.orm.core                   : HHH000489: No JTA platform available (set 'hibernate.transaction.jta.platform' to enable JTA platform integration)
2026-03-01T09:21:06.128+05:30  INFO 89684 --- [dattri] [           main] j.LocalContainerEntityManagerFactoryBean : Initialized JPA EntityManagerFactory for persistence unit 'default'
2026-03-01T09:21:06.169+05:30  INFO 89684 --- [dattri] [           main] o.s.d.j.r.query.QueryEnhancerFactories   : Hibernate is in classpath; If applicable, HQL parser will be used.
2026-03-01T09:21:06.853+05:30  WARN 89684 --- [dattri] [           main] i.n.r.d.DnsServerAddressStreamProviders  : Can not find io.netty.resolver.dns.macos.MacOSDnsServerAddressStreamProvider in the classpath, fallback to system defaults. This may result in incorrect DNS resolutions on MacOS. Check whether you have a dependency on 'io.netty:netty-resolver-dns-native-macos'
2026-03-01T09:21:07.024+05:30  WARN 89684 --- [dattri] [           main] JpaBaseConfiguration$JpaWebConfiguration : spring.jpa.open-in-view is enabled by default. Therefore, database queries may be performed during view rendering. Explicitly configure spring.jpa.open-in-view to disable this warning
2026-03-01T09:21:07.079+05:30  WARN 89684 --- [dattri] [           main] .s.a.UserDetailsServiceAutoConfiguration : 

Using generated security password: 55d4e256-ae4e-4112-889f-01ca6430f178

This generated password is for development use only. Your security configuration must be updated before running your application in production.

2026-03-01T09:21:07.083+05:30  INFO 89684 --- [dattri] [           main] r$InitializeUserDetailsManagerConfigurer : Global AuthenticationManager configured with UserDetailsService bean with name inMemoryUserDetailsManager
2026-03-01T09:21:07.398+05:30  INFO 89684 --- [dattri] [           main] c.c.test.dattri.DattriApplicationTests   : Started DattriApplicationTests in 3.34 seconds (process running for 3.994)
2026-03-01T09:21:07.509+05:30  INFO 89684 --- [dattri] [           main] c.c.test.dattri.config.ProtocolSeeder    : Seeded 6 protocols successfully.
]]></system-out>
    <system-err><![CDATA[Mockito is currently self-attaching to enable the inline-mock-maker. This will no longer work in future releases of the JDK. Please add Mockito as an agent to your build as described in Mockito's documentation: https://javadoc.io/doc/org.mockito/mockito-core/latest/org.mockito/org/mockito/Mockito.html#0.3
WARNING: A Java agent has been loaded dynamically (/Users/devashishattri/.m2/repository/net/bytebuddy/byte-buddy-agent/1.17.8/byte-buddy-agent-1.17.8.jar)
WARNING: If a serviceability tool is in use, please run with -XX:+EnableDynamicAgentLoading to hide this warning
WARNING: If a serviceability tool is not in use, please run with -Djdk.instrument.traceUsage for more information
WARNING: Dynamic loading of agents will be disallowed by default in a future release
]]></system-err>
  </testcase>
</testsuite>